2025-12-10 09:12:51,826 - 25 - root - INFO - Initialized DataIngestion with DB: NetworkSecurity, collection: PhishingData
2025-12-10 09:12:51,826 - 126 - root - INFO - Starting data ingestion process
2025-12-10 09:12:51,826 - 41 - root - INFO - Using DB: NetworkSecurity
2025-12-10 09:12:51,826 - 42 - root - INFO - Using collection: PhishingData
2025-12-10 09:12:53,523 - 48 - root - INFO - Number of docs fetched from Mongo: 11055
2025-12-10 09:12:53,573 - 74 - root - INFO - Saving feature-store file to: artifact/12_10_2025_09_12_51/data_ingestion/feature_store/phisingData.csv
2025-12-10 09:12:53,607 - 97 - root - INFO - Performed train/test split on the dataframe
2025-12-10 09:12:53,607 - 102 - root - INFO - Exporting train file to: artifact/12_10_2025_09_12_51/data_ingestion/ingested/train.csv
2025-12-10 09:12:53,607 - 105 - root - INFO - Exporting test file to:  artifact/12_10_2025_09_12_51/data_ingestion/ingested/test.csv
2025-12-10 09:12:53,647 - 144 - root - INFO - Data ingestion completed: DataIngestionArtifact(trained_file_path='artifact/12_10_2025_09_12_51/data_ingestion/ingested/train.csv', test_file_path='artifact/12_10_2025_09_12_51/data_ingestion/ingested/test.csv')
2025-12-10 09:12:53,647 - 24 - root - INFO - Initiate the data ingestion
2025-12-10 09:12:53,649 - 31 - root - INFO - Initialized DataValidation
2025-12-10 09:12:53,650 - 32 - root - INFO -   Train file: artifact/12_10_2025_09_12_51/data_ingestion/ingested/train.csv
2025-12-10 09:12:53,650 - 33 - root - INFO -   Test file:  artifact/12_10_2025_09_12_51/data_ingestion/ingested/test.csv
2025-12-10 09:12:53,650 - 30 - root - INFO - Initiate the data validation
2025-12-10 09:12:53,650 - 42 - root - INFO - Reading data from: artifact/12_10_2025_09_12_51/data_ingestion/ingested/train.csv
2025-12-10 09:12:53,657 - 42 - root - INFO - Reading data from: artifact/12_10_2025_09_12_51/data_ingestion/ingested/test.csv
2025-12-10 09:12:53,661 - 57 - root - INFO - Required number of columns: 31
2025-12-10 09:12:53,661 - 58 - root - INFO - Dataframe has columns: 31
2025-12-10 09:12:53,661 - 57 - root - INFO - Required number of columns: 31
2025-12-10 09:12:53,661 - 58 - root - INFO - Dataframe has columns: 31
2025-12-10 09:12:53,713 - 95 - root - INFO - Drift report written to: artifact/12_10_2025_09_12_51/data_validation/drift_report/report.yaml
2025-12-10 09:12:53,746 - 151 - root - INFO - Data validation completed. Artifact: DataValidationArtifact(validation_status=True, valid_train_file_path='artifact/12_10_2025_09_12_51/data_validation/validation/train.csv', valid_test_file_path='artifact/12_10_2025_09_12_51/data_validation/validation/test.csv', invalid_train_file_path='artifact/12_10_2025_09_12_51/data_validation/invalid/train.csv', invalid_test_file_path='artifact/12_10_2025_09_12_51/data_validation/invalid/test.csv', drift_report_file_path='artifact/12_10_2025_09_12_51/data_validation/drift_report/report.yaml')
2025-12-10 09:12:53,746 - 32 - root - INFO - Data validation completed
2025-12-10 09:12:53,746 - 46 - root - INFO - Entered the initiate_data_transformation method of Data Transformation class
2025-12-10 09:12:53,746 - 48 - root - INFO - Starting data transformation
2025-12-10 09:12:53,757 - 35 - root - INFO - Entered the get_data_transformer_object method of Data Transformation class
2025-12-10 09:12:53,757 - 38 - root - INFO - Created KNN Imputer object with params: {'missing_values': nan, 'n_neighbors': 3, 'weights': 'uniform'}
2025-12-10 09:12:53,762 - 43 - root - INFO - Entered the save_object method of Main Utils
2025-12-10 09:12:53,763 - 47 - root - INFO - Exited the save_object method of Main Utils
2025-12-10 09:12:53,763 - 40 - root - INFO - Data transformation completed
2025-12-10 09:12:53,763 - 44 - root - INFO - Model Training sstared
2025-12-10 09:12:53,763 - 152 - root - INFO - Loading transformed train and test arrays for model training.
2025-12-10 09:12:53,764 - 51 - root - INFO - Starting model training and model selection.
2025-12-10 09:15:00,179 - 101 - root - INFO - Best model found: Random Forest with score: 0.8617871609795129
2025-12-10 09:15:02,967 - 43 - root - INFO - Model logged in mlflow
2025-12-10 09:15:04,673 - 43 - root - INFO - Model logged in mlflow
2025-12-10 09:15:04,678 - 43 - root - INFO - Entered the save_object method of Main Utils
2025-12-10 09:15:04,689 - 47 - root - INFO - Exited the save_object method of Main Utils
2025-12-10 09:15:04,689 - 144 - root - INFO - Model trainer artifact created: ModelTrainerArtifact(trained_model_file_path='artifact/12_10_2025_09_12_51/model_trainer/trained_model/model.pkl', train_model_file_path=ClassificationMetricArtifact(f1_score=0.9915556007732221, precision_score=0.9890399837629389, recall_score=0.9940840473276213), test_model_file_path=ClassificationMetricArtifact(f1_score=0.9703908409001184, precision_score=0.9616588419405321, recall_score=0.9792828685258964))
2025-12-10 09:15:04,690 - 49 - root - INFO - Model Training artifact created
