2025-12-10 11:49:50,998 - 1025 - httpx - INFO - HTTP Request: GET https://dagshub.com/api/v1/user "HTTP/1.1 200 OK"
2025-12-10 11:49:51,001 - 107 - dagshub - INFO - Accessing as Rajusubba
2025-12-10 11:49:51,336 - 1025 - httpx - INFO - HTTP Request: GET https://dagshub.com/api/v1/repos/Rajusubba/networksecurity "HTTP/1.1 200 OK"
2025-12-10 11:49:51,701 - 1025 - httpx - INFO - HTTP Request: GET https://dagshub.com/api/v1/user "HTTP/1.1 200 OK"
2025-12-10 11:49:51,705 - 107 - dagshub - INFO - Initialized MLflow to track repo "Rajusubba/networksecurity"
2025-12-10 11:49:51,705 - 107 - dagshub - INFO - Repository Rajusubba/networksecurity initialized!
2025-12-10 11:49:51,706 - 25 - root - INFO - Initialized DataIngestion with DB: NetworkSecurity, collection: PhishingData
2025-12-10 11:49:51,706 - 126 - root - INFO - Starting data ingestion process
2025-12-10 11:49:51,706 - 41 - root - INFO - Using DB: NetworkSecurity
2025-12-10 11:49:51,706 - 42 - root - INFO - Using collection: PhishingData
2025-12-10 11:49:53,334 - 48 - root - INFO - Number of docs fetched from Mongo: 11055
2025-12-10 11:49:53,388 - 74 - root - INFO - Saving feature-store file to: artifact/12_10_2025_11_49_49/data_ingestion/feature_store/phisingData.csv
2025-12-10 11:49:53,423 - 97 - root - INFO - Performed train/test split on the dataframe
2025-12-10 11:49:53,424 - 102 - root - INFO - Exporting train file to: artifact/12_10_2025_11_49_49/data_ingestion/ingested/train.csv
2025-12-10 11:49:53,424 - 105 - root - INFO - Exporting test file to:  artifact/12_10_2025_11_49_49/data_ingestion/ingested/test.csv
2025-12-10 11:49:53,456 - 144 - root - INFO - Data ingestion completed: DataIngestionArtifact(trained_file_path='artifact/12_10_2025_11_49_49/data_ingestion/ingested/train.csv', test_file_path='artifact/12_10_2025_11_49_49/data_ingestion/ingested/test.csv')
2025-12-10 11:49:53,456 - 24 - root - INFO - Initiate the data ingestion
2025-12-10 11:49:53,459 - 31 - root - INFO - Initialized DataValidation
2025-12-10 11:49:53,459 - 32 - root - INFO -   Train file: artifact/12_10_2025_11_49_49/data_ingestion/ingested/train.csv
2025-12-10 11:49:53,459 - 33 - root - INFO -   Test file:  artifact/12_10_2025_11_49_49/data_ingestion/ingested/test.csv
2025-12-10 11:49:53,459 - 30 - root - INFO - Initiate the data validation
2025-12-10 11:49:53,459 - 42 - root - INFO - Reading data from: artifact/12_10_2025_11_49_49/data_ingestion/ingested/train.csv
2025-12-10 11:49:53,467 - 42 - root - INFO - Reading data from: artifact/12_10_2025_11_49_49/data_ingestion/ingested/test.csv
2025-12-10 11:49:53,469 - 57 - root - INFO - Required number of columns: 31
2025-12-10 11:49:53,469 - 58 - root - INFO - Dataframe has columns: 31
2025-12-10 11:49:53,469 - 57 - root - INFO - Required number of columns: 31
2025-12-10 11:49:53,469 - 58 - root - INFO - Dataframe has columns: 31
2025-12-10 11:49:53,523 - 95 - root - INFO - Drift report written to: artifact/12_10_2025_11_49_49/data_validation/drift_report/report.yaml
2025-12-10 11:49:53,556 - 151 - root - INFO - Data validation completed. Artifact: DataValidationArtifact(validation_status=True, valid_train_file_path='artifact/12_10_2025_11_49_49/data_validation/validation/train.csv', valid_test_file_path='artifact/12_10_2025_11_49_49/data_validation/validation/test.csv', invalid_train_file_path='artifact/12_10_2025_11_49_49/data_validation/invalid/train.csv', invalid_test_file_path='artifact/12_10_2025_11_49_49/data_validation/invalid/test.csv', drift_report_file_path='artifact/12_10_2025_11_49_49/data_validation/drift_report/report.yaml')
2025-12-10 11:49:53,557 - 32 - root - INFO - Data validation completed
2025-12-10 11:49:53,557 - 46 - root - INFO - Entered the initiate_data_transformation method of Data Transformation class
2025-12-10 11:49:53,557 - 48 - root - INFO - Starting data transformation
2025-12-10 11:49:53,567 - 35 - root - INFO - Entered the get_data_transformer_object method of Data Transformation class
2025-12-10 11:49:53,567 - 38 - root - INFO - Created KNN Imputer object with params: {'missing_values': nan, 'n_neighbors': 3, 'weights': 'uniform'}
2025-12-10 11:49:53,571 - 43 - root - INFO - Entered the save_object method of Main Utils
2025-12-10 11:49:53,572 - 47 - root - INFO - Exited the save_object method of Main Utils
2025-12-10 11:49:53,572 - 43 - root - INFO - Entered the save_object method of Main Utils
2025-12-10 11:49:53,574 - 47 - root - INFO - Exited the save_object method of Main Utils
2025-12-10 11:49:53,574 - 40 - root - INFO - Data transformation completed
2025-12-10 11:49:53,574 - 44 - root - INFO - Model Training sstared
2025-12-10 11:49:53,574 - 157 - root - INFO - Loading transformed train and test arrays for model training.
2025-12-10 11:49:53,575 - 54 - root - INFO - Starting model training and model selection.
2025-12-10 11:52:03,738 - 104 - root - INFO - Best model found: Random Forest with score: 0.8617871609795129
2025-12-10 11:52:15,677 - 46 - root - INFO - Model logged in mlflow
2025-12-10 11:52:24,903 - 46 - root - INFO - Model logged in mlflow
2025-12-10 11:52:25,555 - 43 - root - INFO - Entered the save_object method of Main Utils
2025-12-10 11:52:25,574 - 47 - root - INFO - Exited the save_object method of Main Utils
2025-12-10 11:52:25,574 - 43 - root - INFO - Entered the save_object method of Main Utils
2025-12-10 11:52:25,586 - 47 - root - INFO - Exited the save_object method of Main Utils
2025-12-10 11:52:25,586 - 149 - root - INFO - Model trainer artifact created: ModelTrainerArtifact(trained_model_file_path='artifact/12_10_2025_11_49_49/model_trainer/trained_model/model.pkl', train_model_file_path=ClassificationMetricArtifact(f1_score=0.991559035899522, precision_score=0.9886432772257149, recall_score=0.9944920440636474), test_model_file_path=ClassificationMetricArtifact(f1_score=0.9703205381875742, precision_score=0.9638364779874213, recall_score=0.9768924302788845))
2025-12-10 11:52:25,592 - 49 - root - INFO - Model Training artifact created
