2025-12-10 11:35:36,478 - 1025 - httpx - INFO - HTTP Request: GET https://dagshub.com/api/v1/user "HTTP/1.1 200 OK"
2025-12-10 11:35:36,483 - 107 - dagshub - INFO - Accessing as Rajusubba
2025-12-10 11:35:36,784 - 1025 - httpx - INFO - HTTP Request: GET https://dagshub.com/api/v1/repos/Rajusubba/networksecurity "HTTP/1.1 200 OK"
2025-12-10 11:35:37,014 - 1025 - httpx - INFO - HTTP Request: GET https://dagshub.com/api/v1/user "HTTP/1.1 200 OK"
2025-12-10 11:35:37,019 - 107 - dagshub - INFO - Initialized MLflow to track repo "Rajusubba/networksecurity"
2025-12-10 11:35:37,020 - 107 - dagshub - INFO - Repository Rajusubba/networksecurity initialized!
2025-12-10 11:35:37,020 - 25 - root - INFO - Initialized DataIngestion with DB: NetworkSecurity, collection: PhishingData
2025-12-10 11:35:37,020 - 126 - root - INFO - Starting data ingestion process
2025-12-10 11:35:37,020 - 41 - root - INFO - Using DB: NetworkSecurity
2025-12-10 11:35:37,020 - 42 - root - INFO - Using collection: PhishingData
2025-12-10 11:35:38,731 - 48 - root - INFO - Number of docs fetched from Mongo: 11055
2025-12-10 11:35:38,782 - 74 - root - INFO - Saving feature-store file to: artifact/12_10_2025_11_35_34/data_ingestion/feature_store/phisingData.csv
2025-12-10 11:35:38,822 - 97 - root - INFO - Performed train/test split on the dataframe
2025-12-10 11:35:38,822 - 102 - root - INFO - Exporting train file to: artifact/12_10_2025_11_35_34/data_ingestion/ingested/train.csv
2025-12-10 11:35:38,822 - 105 - root - INFO - Exporting test file to:  artifact/12_10_2025_11_35_34/data_ingestion/ingested/test.csv
2025-12-10 11:35:38,855 - 144 - root - INFO - Data ingestion completed: DataIngestionArtifact(trained_file_path='artifact/12_10_2025_11_35_34/data_ingestion/ingested/train.csv', test_file_path='artifact/12_10_2025_11_35_34/data_ingestion/ingested/test.csv')
2025-12-10 11:35:38,855 - 24 - root - INFO - Initiate the data ingestion
2025-12-10 11:35:38,858 - 31 - root - INFO - Initialized DataValidation
2025-12-10 11:35:38,858 - 32 - root - INFO -   Train file: artifact/12_10_2025_11_35_34/data_ingestion/ingested/train.csv
2025-12-10 11:35:38,858 - 33 - root - INFO -   Test file:  artifact/12_10_2025_11_35_34/data_ingestion/ingested/test.csv
2025-12-10 11:35:38,858 - 30 - root - INFO - Initiate the data validation
2025-12-10 11:35:38,858 - 42 - root - INFO - Reading data from: artifact/12_10_2025_11_35_34/data_ingestion/ingested/train.csv
2025-12-10 11:35:38,865 - 42 - root - INFO - Reading data from: artifact/12_10_2025_11_35_34/data_ingestion/ingested/test.csv
2025-12-10 11:35:38,868 - 57 - root - INFO - Required number of columns: 31
2025-12-10 11:35:38,868 - 58 - root - INFO - Dataframe has columns: 31
2025-12-10 11:35:38,868 - 57 - root - INFO - Required number of columns: 31
2025-12-10 11:35:38,868 - 58 - root - INFO - Dataframe has columns: 31
2025-12-10 11:35:38,922 - 95 - root - INFO - Drift report written to: artifact/12_10_2025_11_35_34/data_validation/drift_report/report.yaml
2025-12-10 11:35:38,958 - 151 - root - INFO - Data validation completed. Artifact: DataValidationArtifact(validation_status=True, valid_train_file_path='artifact/12_10_2025_11_35_34/data_validation/validation/train.csv', valid_test_file_path='artifact/12_10_2025_11_35_34/data_validation/validation/test.csv', invalid_train_file_path='artifact/12_10_2025_11_35_34/data_validation/invalid/train.csv', invalid_test_file_path='artifact/12_10_2025_11_35_34/data_validation/invalid/test.csv', drift_report_file_path='artifact/12_10_2025_11_35_34/data_validation/drift_report/report.yaml')
2025-12-10 11:35:38,958 - 32 - root - INFO - Data validation completed
2025-12-10 11:35:38,958 - 46 - root - INFO - Entered the initiate_data_transformation method of Data Transformation class
2025-12-10 11:35:38,958 - 48 - root - INFO - Starting data transformation
2025-12-10 11:35:38,969 - 35 - root - INFO - Entered the get_data_transformer_object method of Data Transformation class
2025-12-10 11:35:38,969 - 38 - root - INFO - Created KNN Imputer object with params: {'missing_values': nan, 'n_neighbors': 3, 'weights': 'uniform'}
2025-12-10 11:35:38,973 - 43 - root - INFO - Entered the save_object method of Main Utils
2025-12-10 11:35:38,974 - 47 - root - INFO - Exited the save_object method of Main Utils
2025-12-10 11:35:38,975 - 40 - root - INFO - Data transformation completed
2025-12-10 11:35:38,975 - 44 - root - INFO - Model Training sstared
2025-12-10 11:35:38,975 - 155 - root - INFO - Loading transformed train and test arrays for model training.
2025-12-10 11:35:38,976 - 54 - root - INFO - Starting model training and model selection.
2025-12-10 11:37:50,693 - 104 - root - INFO - Best model found: Random Forest with score: 0.8599443231259064
2025-12-10 11:38:03,291 - 46 - root - INFO - Model logged in mlflow
2025-12-10 11:38:14,954 - 46 - root - INFO - Model logged in mlflow
2025-12-10 11:38:15,067 - 43 - root - INFO - Entered the save_object method of Main Utils
2025-12-10 11:38:15,087 - 47 - root - INFO - Exited the save_object method of Main Utils
2025-12-10 11:38:15,087 - 147 - root - INFO - Model trainer artifact created: ModelTrainerArtifact(trained_model_file_path='artifact/12_10_2025_11_35_34/model_trainer/trained_model/model.pkl', train_model_file_path=ClassificationMetricArtifact(f1_score=0.991560752414845, precision_score=0.9884451652138658, recall_score=0.9946960424316605), test_model_file_path=ClassificationMetricArtifact(f1_score=0.9699842022116903, precision_score=0.961628817541112, recall_score=0.9784860557768924))
2025-12-10 11:38:15,091 - 49 - root - INFO - Model Training artifact created
