2025-12-02 11:52:19,055 - 25 - root - INFO - Initialized DataIngestion with DB: NetworkSecurity, collection: PhishingData
2025-12-02 11:52:19,055 - 126 - root - INFO - Starting data ingestion process
2025-12-02 11:52:19,055 - 41 - root - INFO - Using DB: NetworkSecurity
2025-12-02 11:52:19,055 - 42 - root - INFO - Using collection: PhishingData
2025-12-02 11:52:20,744 - 48 - root - INFO - Number of docs fetched from Mongo: 11055
2025-12-02 11:52:20,793 - 74 - root - INFO - Saving feature-store file to: artifact/12_02_2025_11_52_19/data_ingestion/feature_store/phisingData.csv
2025-12-02 11:52:20,831 - 97 - root - INFO - Performed train/test split on the dataframe
2025-12-02 11:52:20,831 - 102 - root - INFO - Exporting train file to: artifact/12_02_2025_11_52_19/data_ingestion/ingested/train.csv
2025-12-02 11:52:20,831 - 105 - root - INFO - Exporting test file to:  artifact/12_02_2025_11_52_19/data_ingestion/ingested/test.csv
2025-12-02 11:52:20,863 - 144 - root - INFO - Data ingestion completed: DataIngestionArtifact(trained_file_path='artifact/12_02_2025_11_52_19/data_ingestion/ingested/train.csv', test_file_path='artifact/12_02_2025_11_52_19/data_ingestion/ingested/test.csv')
2025-12-02 11:52:20,863 - 20 - root - INFO - Initiate the data ingestion
2025-12-02 11:52:20,865 - 31 - root - INFO - Initialized DataValidation
2025-12-02 11:52:20,865 - 32 - root - INFO -   Train file: artifact/12_02_2025_11_52_19/data_ingestion/ingested/train.csv
2025-12-02 11:52:20,865 - 33 - root - INFO -   Test file:  artifact/12_02_2025_11_52_19/data_ingestion/ingested/test.csv
2025-12-02 11:52:20,865 - 26 - root - INFO - Initiate the data validation
2025-12-02 11:52:20,865 - 42 - root - INFO - Reading data from: artifact/12_02_2025_11_52_19/data_ingestion/ingested/train.csv
2025-12-02 11:52:20,874 - 42 - root - INFO - Reading data from: artifact/12_02_2025_11_52_19/data_ingestion/ingested/test.csv
2025-12-02 11:52:20,877 - 57 - root - INFO - Required number of columns: 31
2025-12-02 11:52:20,877 - 58 - root - INFO - Dataframe has columns: 31
2025-12-02 11:52:20,877 - 57 - root - INFO - Required number of columns: 31
2025-12-02 11:52:20,877 - 58 - root - INFO - Dataframe has columns: 31
2025-12-02 11:52:20,928 - 95 - root - INFO - Drift report written to: artifact/12_02_2025_11_52_19/data_validation/drift_report/report.yaml
2025-12-02 11:52:20,960 - 151 - root - INFO - Data validation completed. Artifact: DataValidationArtifact(validation_status=True, valid_train_file_path='artifact/12_02_2025_11_52_19/data_validation/validation/train.csv', valid_test_file_path='artifact/12_02_2025_11_52_19/data_validation/validation/test.csv', invalid_train_file_path='artifact/12_02_2025_11_52_19/data_validation/invalid/train.csv', invalid_test_file_path='artifact/12_02_2025_11_52_19/data_validation/invalid/test.csv', drift_report_file_path='artifact/12_02_2025_11_52_19/data_validation/drift_report/report.yaml')
2025-12-02 11:52:20,960 - 28 - root - INFO - Data validation completed
