2025-12-10 09:23:00,939 - 25 - root - INFO - Initialized DataIngestion with DB: NetworkSecurity, collection: PhishingData
2025-12-10 09:23:00,939 - 126 - root - INFO - Starting data ingestion process
2025-12-10 09:23:00,939 - 41 - root - INFO - Using DB: NetworkSecurity
2025-12-10 09:23:00,939 - 42 - root - INFO - Using collection: PhishingData
2025-12-10 09:23:02,944 - 48 - root - INFO - Number of docs fetched from Mongo: 11055
2025-12-10 09:23:02,997 - 74 - root - INFO - Saving feature-store file to: artifact/12_10_2025_09_23_00/data_ingestion/feature_store/phisingData.csv
2025-12-10 09:23:03,032 - 97 - root - INFO - Performed train/test split on the dataframe
2025-12-10 09:23:03,032 - 102 - root - INFO - Exporting train file to: artifact/12_10_2025_09_23_00/data_ingestion/ingested/train.csv
2025-12-10 09:23:03,032 - 105 - root - INFO - Exporting test file to:  artifact/12_10_2025_09_23_00/data_ingestion/ingested/test.csv
2025-12-10 09:23:03,065 - 144 - root - INFO - Data ingestion completed: DataIngestionArtifact(trained_file_path='artifact/12_10_2025_09_23_00/data_ingestion/ingested/train.csv', test_file_path='artifact/12_10_2025_09_23_00/data_ingestion/ingested/test.csv')
2025-12-10 09:23:03,065 - 24 - root - INFO - Initiate the data ingestion
2025-12-10 09:23:03,068 - 31 - root - INFO - Initialized DataValidation
2025-12-10 09:23:03,068 - 32 - root - INFO -   Train file: artifact/12_10_2025_09_23_00/data_ingestion/ingested/train.csv
2025-12-10 09:23:03,068 - 33 - root - INFO -   Test file:  artifact/12_10_2025_09_23_00/data_ingestion/ingested/test.csv
2025-12-10 09:23:03,068 - 30 - root - INFO - Initiate the data validation
2025-12-10 09:23:03,068 - 42 - root - INFO - Reading data from: artifact/12_10_2025_09_23_00/data_ingestion/ingested/train.csv
2025-12-10 09:23:03,077 - 42 - root - INFO - Reading data from: artifact/12_10_2025_09_23_00/data_ingestion/ingested/test.csv
2025-12-10 09:23:03,079 - 57 - root - INFO - Required number of columns: 31
2025-12-10 09:23:03,079 - 58 - root - INFO - Dataframe has columns: 31
2025-12-10 09:23:03,079 - 57 - root - INFO - Required number of columns: 31
2025-12-10 09:23:03,079 - 58 - root - INFO - Dataframe has columns: 31
2025-12-10 09:23:03,131 - 95 - root - INFO - Drift report written to: artifact/12_10_2025_09_23_00/data_validation/drift_report/report.yaml
2025-12-10 09:23:03,167 - 151 - root - INFO - Data validation completed. Artifact: DataValidationArtifact(validation_status=True, valid_train_file_path='artifact/12_10_2025_09_23_00/data_validation/validation/train.csv', valid_test_file_path='artifact/12_10_2025_09_23_00/data_validation/validation/test.csv', invalid_train_file_path='artifact/12_10_2025_09_23_00/data_validation/invalid/train.csv', invalid_test_file_path='artifact/12_10_2025_09_23_00/data_validation/invalid/test.csv', drift_report_file_path='artifact/12_10_2025_09_23_00/data_validation/drift_report/report.yaml')
2025-12-10 09:23:03,167 - 32 - root - INFO - Data validation completed
2025-12-10 09:23:03,167 - 46 - root - INFO - Entered the initiate_data_transformation method of Data Transformation class
2025-12-10 09:23:03,167 - 48 - root - INFO - Starting data transformation
2025-12-10 09:23:03,179 - 35 - root - INFO - Entered the get_data_transformer_object method of Data Transformation class
2025-12-10 09:23:03,179 - 38 - root - INFO - Created KNN Imputer object with params: {'missing_values': nan, 'n_neighbors': 3, 'weights': 'uniform'}
2025-12-10 09:23:03,183 - 43 - root - INFO - Entered the save_object method of Main Utils
2025-12-10 09:23:03,184 - 47 - root - INFO - Exited the save_object method of Main Utils
2025-12-10 09:23:03,184 - 40 - root - INFO - Data transformation completed
2025-12-10 09:23:03,184 - 44 - root - INFO - Model Training sstared
2025-12-10 09:23:03,184 - 152 - root - INFO - Loading transformed train and test arrays for model training.
2025-12-10 09:23:03,185 - 51 - root - INFO - Starting model training and model selection.
2025-12-10 09:25:16,468 - 101 - root - INFO - Best model found: Random Forest with score: 0.8617871609795129
2025-12-10 09:25:19,616 - 43 - root - INFO - Model logged in mlflow
2025-12-10 09:25:21,450 - 43 - root - INFO - Model logged in mlflow
2025-12-10 09:25:21,455 - 43 - root - INFO - Entered the save_object method of Main Utils
2025-12-10 09:25:21,464 - 47 - root - INFO - Exited the save_object method of Main Utils
2025-12-10 09:25:21,464 - 144 - root - INFO - Model trainer artifact created: ModelTrainerArtifact(trained_model_file_path='artifact/12_10_2025_09_23_00/model_trainer/trained_model/model.pkl', train_model_file_path=ClassificationMetricArtifact(f1_score=0.9915504428382368, precision_score=0.9896362527941476, recall_score=0.9934720522235823), test_model_file_path=ClassificationMetricArtifact(f1_score=0.970367443698143, precision_score=0.9623824451410659, recall_score=0.9784860557768924))
2025-12-10 09:25:21,465 - 49 - root - INFO - Model Training artifact created
