2025-12-08 14:26:23,512 - 25 - root - INFO - Initialized DataIngestion with DB: NetworkSecurity, collection: PhishingData
2025-12-08 14:26:23,512 - 126 - root - INFO - Starting data ingestion process
2025-12-08 14:26:23,512 - 41 - root - INFO - Using DB: NetworkSecurity
2025-12-08 14:26:23,512 - 42 - root - INFO - Using collection: PhishingData
2025-12-08 14:26:25,176 - 48 - root - INFO - Number of docs fetched from Mongo: 11055
2025-12-08 14:26:25,229 - 74 - root - INFO - Saving feature-store file to: artifact/12_08_2025_14_26_19/data_ingestion/feature_store/phisingData.csv
2025-12-08 14:26:25,263 - 97 - root - INFO - Performed train/test split on the dataframe
2025-12-08 14:26:25,263 - 102 - root - INFO - Exporting train file to: artifact/12_08_2025_14_26_19/data_ingestion/ingested/train.csv
2025-12-08 14:26:25,263 - 105 - root - INFO - Exporting test file to:  artifact/12_08_2025_14_26_19/data_ingestion/ingested/test.csv
2025-12-08 14:26:25,296 - 144 - root - INFO - Data ingestion completed: DataIngestionArtifact(trained_file_path='artifact/12_08_2025_14_26_19/data_ingestion/ingested/train.csv', test_file_path='artifact/12_08_2025_14_26_19/data_ingestion/ingested/test.csv')
2025-12-08 14:26:25,296 - 22 - root - INFO - Initiate the data ingestion
2025-12-08 14:26:25,299 - 31 - root - INFO - Initialized DataValidation
2025-12-08 14:26:25,299 - 32 - root - INFO -   Train file: artifact/12_08_2025_14_26_19/data_ingestion/ingested/train.csv
2025-12-08 14:26:25,299 - 33 - root - INFO -   Test file:  artifact/12_08_2025_14_26_19/data_ingestion/ingested/test.csv
2025-12-08 14:26:25,299 - 28 - root - INFO - Initiate the data validation
2025-12-08 14:26:25,299 - 42 - root - INFO - Reading data from: artifact/12_08_2025_14_26_19/data_ingestion/ingested/train.csv
2025-12-08 14:26:25,309 - 42 - root - INFO - Reading data from: artifact/12_08_2025_14_26_19/data_ingestion/ingested/test.csv
2025-12-08 14:26:25,312 - 57 - root - INFO - Required number of columns: 31
2025-12-08 14:26:25,312 - 58 - root - INFO - Dataframe has columns: 31
2025-12-08 14:26:25,312 - 57 - root - INFO - Required number of columns: 31
2025-12-08 14:26:25,312 - 58 - root - INFO - Dataframe has columns: 31
2025-12-08 14:26:25,363 - 95 - root - INFO - Drift report written to: artifact/12_08_2025_14_26_19/data_validation/drift_report/report.yaml
2025-12-08 14:26:25,396 - 151 - root - INFO - Data validation completed. Artifact: DataValidationArtifact(validation_status=True, valid_train_file_path='artifact/12_08_2025_14_26_19/data_validation/validation/train.csv', valid_test_file_path='artifact/12_08_2025_14_26_19/data_validation/validation/test.csv', invalid_train_file_path='artifact/12_08_2025_14_26_19/data_validation/invalid/train.csv', invalid_test_file_path='artifact/12_08_2025_14_26_19/data_validation/invalid/test.csv', drift_report_file_path='artifact/12_08_2025_14_26_19/data_validation/drift_report/report.yaml')
2025-12-08 14:26:25,396 - 30 - root - INFO - Data validation completed
