2025-12-10 08:44:24,926 - 25 - root - INFO - Initialized DataIngestion with DB: NetworkSecurity, collection: PhishingData
2025-12-10 08:44:24,926 - 126 - root - INFO - Starting data ingestion process
2025-12-10 08:44:24,926 - 41 - root - INFO - Using DB: NetworkSecurity
2025-12-10 08:44:24,926 - 42 - root - INFO - Using collection: PhishingData
2025-12-10 08:44:26,701 - 48 - root - INFO - Number of docs fetched from Mongo: 11055
2025-12-10 08:44:26,755 - 74 - root - INFO - Saving feature-store file to: artifact/12_10_2025_08_44_22/data_ingestion/feature_store/phisingData.csv
2025-12-10 08:44:26,790 - 97 - root - INFO - Performed train/test split on the dataframe
2025-12-10 08:44:26,790 - 102 - root - INFO - Exporting train file to: artifact/12_10_2025_08_44_22/data_ingestion/ingested/train.csv
2025-12-10 08:44:26,790 - 105 - root - INFO - Exporting test file to:  artifact/12_10_2025_08_44_22/data_ingestion/ingested/test.csv
2025-12-10 08:44:26,823 - 144 - root - INFO - Data ingestion completed: DataIngestionArtifact(trained_file_path='artifact/12_10_2025_08_44_22/data_ingestion/ingested/train.csv', test_file_path='artifact/12_10_2025_08_44_22/data_ingestion/ingested/test.csv')
2025-12-10 08:44:26,824 - 24 - root - INFO - Initiate the data ingestion
2025-12-10 08:44:26,828 - 31 - root - INFO - Initialized DataValidation
2025-12-10 08:44:26,828 - 32 - root - INFO -   Train file: artifact/12_10_2025_08_44_22/data_ingestion/ingested/train.csv
2025-12-10 08:44:26,828 - 33 - root - INFO -   Test file:  artifact/12_10_2025_08_44_22/data_ingestion/ingested/test.csv
2025-12-10 08:44:26,828 - 30 - root - INFO - Initiate the data validation
2025-12-10 08:44:26,828 - 42 - root - INFO - Reading data from: artifact/12_10_2025_08_44_22/data_ingestion/ingested/train.csv
2025-12-10 08:44:26,837 - 42 - root - INFO - Reading data from: artifact/12_10_2025_08_44_22/data_ingestion/ingested/test.csv
2025-12-10 08:44:26,840 - 57 - root - INFO - Required number of columns: 31
2025-12-10 08:44:26,840 - 58 - root - INFO - Dataframe has columns: 31
2025-12-10 08:44:26,840 - 57 - root - INFO - Required number of columns: 31
2025-12-10 08:44:26,840 - 58 - root - INFO - Dataframe has columns: 31
2025-12-10 08:44:26,893 - 95 - root - INFO - Drift report written to: artifact/12_10_2025_08_44_22/data_validation/drift_report/report.yaml
2025-12-10 08:44:26,928 - 151 - root - INFO - Data validation completed. Artifact: DataValidationArtifact(validation_status=True, valid_train_file_path='artifact/12_10_2025_08_44_22/data_validation/validation/train.csv', valid_test_file_path='artifact/12_10_2025_08_44_22/data_validation/validation/test.csv', invalid_train_file_path='artifact/12_10_2025_08_44_22/data_validation/invalid/train.csv', invalid_test_file_path='artifact/12_10_2025_08_44_22/data_validation/invalid/test.csv', drift_report_file_path='artifact/12_10_2025_08_44_22/data_validation/drift_report/report.yaml')
2025-12-10 08:44:26,928 - 32 - root - INFO - Data validation completed
2025-12-10 08:44:26,928 - 46 - root - INFO - Entered the initiate_data_transformation method of Data Transformation class
2025-12-10 08:44:26,928 - 48 - root - INFO - Starting data transformation
2025-12-10 08:44:26,937 - 35 - root - INFO - Entered the get_data_transformer_object method of Data Transformation class
2025-12-10 08:44:26,937 - 38 - root - INFO - Created KNN Imputer object with params: {'missing_values': nan, 'n_neighbors': 3, 'weights': 'uniform'}
2025-12-10 08:44:26,942 - 43 - root - INFO - Entered the save_object method of Main Utils
2025-12-10 08:44:26,946 - 47 - root - INFO - Exited the save_object method of Main Utils
2025-12-10 08:44:26,946 - 40 - root - INFO - Data transformation completed
2025-12-10 08:44:26,946 - 44 - root - INFO - Model Training sstared
2025-12-10 08:44:26,946 - 152 - root - INFO - Loading transformed train and test arrays for model training.
2025-12-10 08:44:26,947 - 51 - root - INFO - Starting model training and model selection.
2025-12-10 08:46:35,918 - 101 - root - INFO - Best model found: Random Forest with score: 0.8728441881011519
2025-12-10 08:46:39,836 - 43 - root - INFO - Model logged in mlflow
